<?xml version="1.0" encoding="UTF-8"?>
<!-- Generated by org.testng.reporters.JUnitReportReporter -->
<testsuite skipped="0" hostname="LAPTOP-DB0TMBLP" name="tests.DBSFlow" tests="1" failures="0" timestamp="2021-05-09T23:24:11 IST" time="20.385" errors="0">
  <testcase name="DBS_Sample_Flow_Test" time="20.385" classname="tests.DBSFlow"/>
  <system-out>
    <![CDATA[Browser successfully launched and navigated tochromeURL: https://www.dbs.com.sg/personal/cards/default.page
Credit Cards tab is clicked
Browser scrolled to view the contents
DBS Flow is completed]]>
  </system-out>
</testsuite> <!-- tests.DBSFlow -->
